[0m14:25:59.099314 [debug] [MainThread]: Sending event: {'category': 'dbt', 'action': 'invocation', 'label': 'start', 'context': [<snowplow_tracker.self_describing_json.SelfDescribingJson object at 0x1043897f0>, <snowplow_tracker.self_describing_json.SelfDescribingJson object at 0x105f89670>, <snowplow_tracker.self_describing_json.SelfDescribingJson object at 0x105fb20a0>]}


============================== 14:25:59.101958 | e41fed3f-0847-4205-9571-d6db694a9219 ==============================
[0m14:25:59.101958 [info ] [MainThread]: Running with dbt=1.5.0
[0m14:25:59.102351 [debug] [MainThread]: running dbt with arguments {'printer_width': '80', 'indirect_selection': 'eager', 'write_json': 'True', 'log_cache_events': 'False', 'partial_parse': 'True', 'cache_selected_only': 'False', 'warn_error': 'None', 'version_check': 'True', 'fail_fast': 'False', 'log_path': 'logs', 'debug': 'False', 'profiles_dir': '/Users/shlba/.dbt', 'use_colors': 'True', 'use_experimental_parser': 'False', 'no_print': 'None', 'quiet': 'False', 'log_format': 'default', 'static_parser': 'True', 'introspect': 'True', 'warn_error_options': 'WarnErrorOptions(include=[], exclude=[])', 'target_path': 'None', 'send_anonymous_usage_stats': 'True'}
[0m14:26:08.569119 [debug] [MainThread]: Starter project path: /Users/shlba/Desktop/Docs/Study/code/dbt/dbt-3.9.10/lib/python3.9/site-packages/dbt/include/starter_project
[0m14:29:34.759709 [info ] [MainThread]: Profile dbtlearn written to /Users/shlba/.dbt/profiles.yml using target's profile_template.yml and your supplied values. Run 'dbt debug' to validate the connection.
[0m14:29:34.761432 [info ] [MainThread]: 
Your new dbt project "dbtlearn" was created!

For more information on how to configure the profiles.yml file,
please consult the dbt documentation here:

  https://docs.getdbt.com/docs/configure-your-profile

One more thing:

Need help? Don't hesitate to reach out to us via GitHub issues or on Slack:

  https://community.getdbt.com/

Happy modeling!

[0m14:29:34.762748 [debug] [MainThread]: Command `dbt init` succeeded at 14:29:34.762567 after 215.67 seconds
[0m14:29:34.763300 [debug] [MainThread]: Sending event: {'category': 'dbt', 'action': 'invocation', 'label': 'end', 'context': [<snowplow_tracker.self_describing_json.SelfDescribingJson object at 0x1043897f0>, <snowplow_tracker.self_describing_json.SelfDescribingJson object at 0x105f89670>, <snowplow_tracker.self_describing_json.SelfDescribingJson object at 0x1050e6a60>]}
[0m14:29:34.763921 [debug] [MainThread]: Flushing usage events
[0m14:33:24.430385 [debug] [MainThread]: Sending event: {'category': 'dbt', 'action': 'invocation', 'label': 'start', 'context': [<snowplow_tracker.self_describing_json.SelfDescribingJson object at 0x107159580>, <snowplow_tracker.self_describing_json.SelfDescribingJson object at 0x10828b820>, <snowplow_tracker.self_describing_json.SelfDescribingJson object at 0x10828ba00>]}


============================== 14:33:24.433017 | 1a7ecf64-2d6c-4e3d-aeb2-15a530108fc4 ==============================
[0m14:33:24.433017 [info ] [MainThread]: Running with dbt=1.5.0
[0m14:33:24.433363 [debug] [MainThread]: running dbt with arguments {'printer_width': '80', 'indirect_selection': 'eager', 'write_json': 'True', 'log_cache_events': 'False', 'partial_parse': 'True', 'cache_selected_only': 'False', 'warn_error': 'None', 'debug': 'False', 'profiles_dir': '/Users/shlba/.dbt', 'log_path': 'logs', 'version_check': 'True', 'fail_fast': 'False', 'use_colors': 'True', 'use_experimental_parser': 'False', 'no_print': 'None', 'quiet': 'False', 'warn_error_options': 'WarnErrorOptions(include=[], exclude=[])', 'static_parser': 'True', 'log_format': 'default', 'introspect': 'True', 'target_path': 'None', 'send_anonymous_usage_stats': 'True'}
[0m14:33:24.433722 [info ] [MainThread]: dbt version: 1.5.0
[0m14:33:24.433907 [info ] [MainThread]: python version: 3.9.10
[0m14:33:24.434083 [info ] [MainThread]: python path: /Users/shlba/Desktop/Docs/Study/code/dbt/dbt-3.9.10/bin/python
[0m14:33:24.434260 [info ] [MainThread]: os info: macOS-13.2.1-arm64-arm-64bit
[0m14:33:24.434441 [info ] [MainThread]: Using profiles.yml file at /Users/shlba/.dbt/profiles.yml
[0m14:33:24.434607 [info ] [MainThread]: Using dbt_project.yml file at /Users/shlba/Desktop/Docs/Study/code/dbt/dbt_project.yml
[0m14:33:24.434778 [info ] [MainThread]: Configuration:
[0m14:33:24.560635 [info ] [MainThread]:   profiles.yml file [[32mOK found and valid[0m]
[0m14:33:24.560955 [info ] [MainThread]:   dbt_project.yml file [[31mERROR not found[0m]
[0m14:33:24.561152 [info ] [MainThread]: Required dependencies:
[0m14:33:24.561360 [debug] [MainThread]: Executing "git --help"
[0m14:33:24.575229 [debug] [MainThread]: STDOUT: "b"usage: git [-v | --version] [-h | --help] [-C <path>] [-c <name>=<value>]\n           [--exec-path[=<path>]] [--html-path] [--man-path] [--info-path]\n           [-p | --paginate | -P | --no-pager] [--no-replace-objects] [--bare]\n           [--git-dir=<path>] [--work-tree=<path>] [--namespace=<name>]\n           [--super-prefix=<path>] [--config-env=<name>=<envvar>]\n           <command> [<args>]\n\nThese are common Git commands used in various situations:\n\nstart a working area (see also: git help tutorial)\n   clone     Clone a repository into a new directory\n   init      Create an empty Git repository or reinitialize an existing one\n\nwork on the current change (see also: git help everyday)\n   add       Add file contents to the index\n   mv        Move or rename a file, a directory, or a symlink\n   restore   Restore working tree files\n   rm        Remove files from the working tree and from the index\n\nexamine the history and state (see also: git help revisions)\n   bisect    Use binary search to find the commit that introduced a bug\n   diff      Show changes between commits, commit and working tree, etc\n   grep      Print lines matching a pattern\n   log       Show commit logs\n   show      Show various types of objects\n   status    Show the working tree status\n\ngrow, mark and tweak your common history\n   branch    List, create, or delete branches\n   commit    Record changes to the repository\n   merge     Join two or more development histories together\n   rebase    Reapply commits on top of another base tip\n   reset     Reset current HEAD to the specified state\n   switch    Switch branches\n   tag       Create, list, delete or verify a tag object signed with GPG\n\ncollaborate (see also: git help workflows)\n   fetch     Download objects and refs from another repository\n   pull      Fetch from and integrate with another repository or a local branch\n   push      Update remote refs along with associated objects\n\n'git help -a' and 'git help -g' list available subcommands and some\nconcept guides. See 'git help <command>' or 'git help <concept>'\nto read about a specific subcommand or concept.\nSee 'git help git' for an overview of the system.\n""
[0m14:33:24.575695 [debug] [MainThread]: STDERR: "b''"
[0m14:33:24.575869 [info ] [MainThread]:  - git [[32mOK found[0m]

[0m14:33:24.576206 [info ] [MainThread]: Connection:
[0m14:33:24.576452 [info ] [MainThread]:   account: twlcklb-ht97313
[0m14:33:24.576631 [info ] [MainThread]:   user: dbt
[0m14:33:24.576798 [info ] [MainThread]:   database: airbnb
[0m14:33:24.576963 [info ] [MainThread]:   schema: dev
[0m14:33:24.577125 [info ] [MainThread]:   warehouse: COMPUTE_WH
[0m14:33:24.577290 [info ] [MainThread]:   role: transform
[0m14:33:24.577450 [info ] [MainThread]:   client_session_keep_alive: False
[0m14:33:24.577612 [info ] [MainThread]:   query_tag: None
[0m14:33:24.881318 [debug] [MainThread]: Acquiring new snowflake connection 'debug'
[0m14:33:24.884927 [debug] [MainThread]: Using snowflake connection "debug"
[0m14:33:24.885517 [debug] [MainThread]: On debug: select 1 as id
[0m14:33:24.885939 [debug] [MainThread]: Opening a new connection, currently in state init
[0m14:33:29.841692 [debug] [MainThread]: SQL status: SUCCESS 1 in 5.0 seconds
[0m14:33:29.844651 [debug] [MainThread]: On debug: Close
[0m14:33:29.987692 [info ] [MainThread]:   Connection test: [[32mOK connection ok[0m]

[0m14:33:29.989396 [info ] [MainThread]: [31m1 check failed:[0m
[0m14:33:29.990039 [info ] [MainThread]: Could not load dbt_project.yml

[0m14:33:29.991244 [debug] [MainThread]: Command `dbt debug` failed at 14:33:29.991056 after 5.57 seconds
[0m14:33:29.991774 [debug] [MainThread]: Connection 'debug' was properly closed.
[0m14:33:29.992244 [debug] [MainThread]: Sending event: {'category': 'dbt', 'action': 'invocation', 'label': 'end', 'context': [<snowplow_tracker.self_describing_json.SelfDescribingJson object at 0x107159580>, <snowplow_tracker.self_describing_json.SelfDescribingJson object at 0x1085693a0>, <snowplow_tracker.self_describing_json.SelfDescribingJson object at 0x10750b820>]}
[0m14:33:29.992778 [debug] [MainThread]: Flushing usage events
